2020-12-15 09:31:06,404 INFO [main][SpringApplication.java:675] - No active profile set, falling back to default profiles: default
2020-12-15 09:31:07,129 WARN [main][EndpointId.java:135] - Endpoint ID 'service-registry' contains invalid characters, please migrate to a valid format.
2020-12-15 09:31:07,359 INFO [main][GenericScope.java:294] - BeanFactory id=33c68227-122c-36dd-8028-a36de4f592a4
2020-12-15 09:31:07,449 INFO [main][PostProcessorRegistrationDelegate.java:330] - Bean 'org.springframework.cloud.autoconfigure.ConfigurationPropertiesRebinderAutoConfiguration' of type [org.springframework.cloud.autoconfigure.ConfigurationPropertiesRebinderAutoConfiguration$$EnhancerBySpringCGLIB$$989618e5] is not eligible for getting processed by all BeanPostProcessors (for example: not eligible for auto-proxying)
2020-12-15 09:31:07,819 INFO [main][TomcatWebServer.java:90] - Tomcat initialized with port(s): 56080 (http)
2020-12-15 09:31:07,829 INFO [main][DirectJDKLog.java:173] - Initializing ProtocolHandler ["http-nio-56080"]
2020-12-15 09:31:07,839 INFO [main][DirectJDKLog.java:173] - Starting service [Tomcat]
2020-12-15 09:31:07,839 INFO [main][DirectJDKLog.java:173] - Starting Servlet engine: [Apache Tomcat/9.0.16]
2020-12-15 09:31:07,849 INFO [main][DirectJDKLog.java:173] - The APR based Apache Tomcat Native library which allows optimal performance in production environments was not found on the java.library.path: [C:\Program Files\Java\jdk1.8.0_181\bin;C:\WINDOWS\Sun\Java\bin;C:\WINDOWS\system32;C:\WINDOWS;D:\app\yss\product\11.2.0\dbhome_1\bin;C:\Program Files\Java\jdk1.8.0_181\bin;D:\Program Files\apache-maven-3.6.1\bin;C:\Program Files (x86)\Common Files\Oracle\Java\javapath;C:\Program Files (x86)\Intel\iCLS Client\;C:\Program Files\Intel\iCLS Client\;C:\Windows\system32;C:\Windows;C:\Windows\System32\Wbem;C:\Windows\System32\WindowsPowerShell\v1.0\;C:\Program Files (x86)\NVIDIA Corporation\PhysX\Common;C:\Program Files (x86)\Intel\Intel(R) Management Engine Components\DAL;C:\Program Files\Intel\Intel(R) Management Engine Components\DAL;C:\Program Files (x86)\Intel\Intel(R) Management Engine Components\IPT;C:\Program Files\Intel\Intel(R) Management Engine Components\IPT;C:\WINDOWS\system32;C:\WINDOWS;C:\WINDOWS\System32\Wbem;C:\WINDOWS\System32\WindowsPowerShell\v1.0\;C:\WINDOWS\System32\OpenSSH\;C:\Program Files\Intel\WiFi\bin\;C:\Program Files\Common Files\Intel\WirelessCommon\;D:\Program Files\Git\cmd;D:\Program Files\MySQL\MySQL Server 5.5\bin;D:\Program Files\OpenSSL-Win64\bin;D:\Program Files\TortoiseGit\bin;D:\apache-jmeter-5.2.1\lib\ext\ApacheJMeter_core.jar;D:\apache-jmeter-5.2.1\lib\jorphan.jar;D:\Program Files\VisualSVN Server\bin;D:\Program Files\TortoiseSVN\bin;D:\HashiCorp\Vagrant\bin;C:\ProgramData\chocolatey\bin;D:\Program Files\nodejs\;C:\Users\yss\.windows-build-tools\python27\python.exe;D:\rocketmq-all-4.7.0-bin-release\bin;C:\Users\yss\.windows-build-tools\python27\;C:\Users\yss\AppData\Local\Microsoft\WindowsApps;C:\Users\yss\AppData\Local\BypassRuntm;D:\Program Files\Microsoft VS Code\bin;C:\Users\yss\AppData\Roaming\npm;.]
2020-12-15 09:31:08,009 INFO [main][DirectJDKLog.java:173] - Initializing Spring embedded WebApplicationContext
2020-12-15 09:31:08,009 INFO [main][ServletWebServerApplicationContext.java:296] - Root WebApplicationContext: initialization completed in 1590 ms
2020-12-15 09:31:08,129 WARN [main][URLConfigurationSource.java:121] - No URLs will be polled as dynamic configuration sources.
2020-12-15 09:31:08,139 INFO [main][URLConfigurationSource.java:122] - To enable URLs as dynamic configuration sources, define System property archaius.configurationSource.additionalUrls or make config.properties available on classpath.
2020-12-15 09:31:08,149 INFO [main][DynamicPropertyFactory.java:281] - DynamicPropertyFactory is initialized with configuration sources: com.netflix.config.ConcurrentCompositeConfiguration@6629643d
2020-12-15 09:31:10,659 INFO [main][InetUtils.java:170] - Cannot determine local hostname
2020-12-15 09:31:10,900 INFO [main][WebApplicationImpl.java:815] - Initiating Jersey application, version 'Jersey: 1.19.1 03/11/2016 02:08 PM'
2020-12-15 09:31:10,999 INFO [main][DiscoveryJerseyProvider.java:70] - Using JSON encoding codec LegacyJacksonJson
2020-12-15 09:31:10,999 INFO [main][DiscoveryJerseyProvider.java:71] - Using JSON decoding codec LegacyJacksonJson
2020-12-15 09:31:11,129 INFO [main][DiscoveryJerseyProvider.java:80] - Using XML encoding codec XStreamXml
2020-12-15 09:31:11,129 INFO [main][DiscoveryJerseyProvider.java:81] - Using XML decoding codec XStreamXml
2020-12-15 09:31:11,519 WARN [main][URLConfigurationSource.java:121] - No URLs will be polled as dynamic configuration sources.
2020-12-15 09:31:11,519 INFO [main][URLConfigurationSource.java:122] - To enable URLs as dynamic configuration sources, define System property archaius.configurationSource.additionalUrls or make config.properties available on classpath.
2020-12-15 09:31:11,679 INFO [main][ExecutorConfigurationSupport.java:171] - Initializing ExecutorService 'applicationTaskExecutor'
2020-12-15 09:31:14,399 INFO [main][InetUtils.java:170] - Cannot determine local hostname
2020-12-15 09:31:14,489 INFO [main][InstanceInfoFactory.java:71] - Setting initial instance status as: STARTING
2020-12-15 09:31:14,534 INFO [main][DiscoveryClient.java:349] - Initializing Eureka in region us-east-1
2020-12-15 09:31:14,534 INFO [main][DiscoveryClient.java:352] - Client configured to neither register nor query for data.
2020-12-15 09:31:14,539 INFO [main][DiscoveryClient.java:365] - Discovery Client initialized at timestamp 1607995874539 with initial instances count: 0
2020-12-15 09:31:14,589 INFO [main][DefaultEurekaServerContext.java:63] - Initializing ...
2020-12-15 09:31:14,589 INFO [main][PeerEurekaNodes.java:188] - Adding new peer nodes [http://localhost:56080/eureka/]
2020-12-15 09:31:15,709 INFO [main][DiscoveryJerseyProvider.java:70] - Using JSON encoding codec LegacyJacksonJson
2020-12-15 09:31:15,709 INFO [main][DiscoveryJerseyProvider.java:71] - Using JSON decoding codec LegacyJacksonJson
2020-12-15 09:31:15,709 INFO [main][DiscoveryJerseyProvider.java:80] - Using XML encoding codec XStreamXml
2020-12-15 09:31:15,709 INFO [main][DiscoveryJerseyProvider.java:81] - Using XML decoding codec XStreamXml
2020-12-15 09:31:15,859 INFO [main][PeerEurekaNodes.java:110] - Replica node URL:  http://localhost:56080/eureka/
2020-12-15 09:31:15,874 INFO [main][AbstractInstanceRegistry.java:151] - Finished initializing remote region registries. All known remote regions: []
2020-12-15 09:31:15,874 INFO [main][DefaultEurekaServerContext.java:70] - Initialized
2020-12-15 09:31:15,884 INFO [main][EndpointLinksResolver.java:59] - Exposing 2 endpoint(s) beneath base path '/actuator'
2020-12-15 09:31:15,979 INFO [main][EurekaServiceRegistry.java:42] - Registering application SEATA-DEMO-DISCOVERY with eureka with status UP
2020-12-15 09:31:15,984 INFO [Thread-37][EurekaServerBootstrap.java:109] - Setting the eureka configuration..
2020-12-15 09:31:15,984 INFO [Thread-37][EurekaServerBootstrap.java:114] - Eureka data center value eureka.datacenter is not set, defaulting to default
2020-12-15 09:31:15,984 INFO [Thread-37][EurekaServerBootstrap.java:128] - Eureka environment value eureka.environment is not set, defaulting to test
2020-12-15 09:31:15,999 INFO [Thread-37][EurekaServerBootstrap.java:184] - isAws returned false
2020-12-15 09:31:15,999 INFO [main][DirectJDKLog.java:173] - Starting ProtocolHandler ["http-nio-56080"]
2020-12-15 09:31:15,999 INFO [Thread-37][EurekaServerBootstrap.java:152] - Initialized server context
2020-12-15 09:31:15,999 INFO [Thread-37][PeerAwareInstanceRegistryImpl.java:241] - Got 1 instances from neighboring DS node
2020-12-15 09:31:16,009 INFO [Thread-37][PeerAwareInstanceRegistryImpl.java:242] - Renew threshold is: 1
2020-12-15 09:31:16,009 INFO [Thread-37][PeerAwareInstanceRegistryImpl.java:253] - Changing status to UP
2020-12-15 09:31:16,009 INFO [Thread-37][EurekaServerInitializerConfiguration.java:72] - Started Eureka Server
2020-12-15 09:31:16,059 INFO [main][TomcatWebServer.java:204] - Tomcat started on port(s): 56080 (http) with context path ''
2020-12-15 09:31:16,059 INFO [main][EurekaAutoServiceRegistration.java:141] - Updating port to 56080
2020-12-15 09:31:16,059 INFO [main][StartupInfoLogger.java:59] - Started DiscoveryServer in 14.92 seconds (JVM running for 18.668)
2020-12-15 09:31:17,814 INFO [RMI TCP Connection(5)-192.168.56.1][DirectJDKLog.java:173] - Initializing Spring DispatcherServlet 'dispatcherServlet'
2020-12-15 09:31:17,819 INFO [RMI TCP Connection(5)-192.168.56.1][FrameworkServlet.java:524] - Initializing Servlet 'dispatcherServlet'
2020-12-15 09:31:17,829 INFO [RMI TCP Connection(5)-192.168.56.1][FrameworkServlet.java:546] - Completed initialization in 10 ms
2020-12-15 09:31:26,014 INFO [Eureka-EvictionTimer][AbstractInstanceRegistry.java:1250] - Running the evict task with compensationTime 0ms
2020-12-15 09:31:36,029 INFO [Eureka-EvictionTimer][AbstractInstanceRegistry.java:1250] - Running the evict task with compensationTime 15ms
2020-12-15 09:31:46,039 INFO [Eureka-EvictionTimer][AbstractInstanceRegistry.java:1250] - Running the evict task with compensationTime 9ms
2020-12-15 09:31:53,149 INFO [http-nio-56080-exec-2][AbstractInstanceRegistry.java:266] - Registered instance TCC-DEMO-BANK1/tcc-demo-bank1:192.168.56.1:56081 with status UP (replication=false)
2020-12-15 09:31:53,779 INFO [http-nio-56080-exec-3][AbstractInstanceRegistry.java:266] - Registered instance TCC-DEMO-BANK1/tcc-demo-bank1:192.168.56.1:56081 with status UP (replication=true)
2020-12-15 09:31:56,050 INFO [Eureka-EvictionTimer][AbstractInstanceRegistry.java:1250] - Running the evict task with compensationTime 10ms
2020-12-15 09:32:06,070 INFO [Eureka-EvictionTimer][AbstractInstanceRegistry.java:1250] - Running the evict task with compensationTime 20ms
2020-12-15 09:32:16,090 INFO [Eureka-EvictionTimer][AbstractInstanceRegistry.java:1250] - Running the evict task with compensationTime 19ms
2020-12-15 09:32:26,099 INFO [Eureka-EvictionTimer][AbstractInstanceRegistry.java:1250] - Running the evict task with compensationTime 10ms
2020-12-15 09:32:36,109 INFO [Eureka-EvictionTimer][AbstractInstanceRegistry.java:1250] - Running the evict task with compensationTime 9ms
2020-12-15 09:32:46,119 INFO [Eureka-EvictionTimer][AbstractInstanceRegistry.java:1250] - Running the evict task with compensationTime 10ms
2020-12-15 09:32:48,139 INFO [http-nio-56080-exec-5][AbstractInstanceRegistry.java:266] - Registered instance TCC-DEMO-BANK2/tcc-demo-bank2:192.168.56.1:56082 with status UP (replication=false)
2020-12-15 09:32:48,672 INFO [http-nio-56080-exec-8][AbstractInstanceRegistry.java:266] - Registered instance TCC-DEMO-BANK2/tcc-demo-bank2:192.168.56.1:56082 with status UP (replication=true)
2020-12-15 09:32:56,140 INFO [Eureka-EvictionTimer][AbstractInstanceRegistry.java:1250] - Running the evict task with compensationTime 20ms
2020-12-15 09:33:06,141 INFO [Eureka-EvictionTimer][AbstractInstanceRegistry.java:1250] - Running the evict task with compensationTime 0ms
2020-12-15 09:33:16,141 INFO [Eureka-EvictionTimer][AbstractInstanceRegistry.java:1250] - Running the evict task with compensationTime 0ms
2020-12-15 09:33:26,142 INFO [Eureka-EvictionTimer][AbstractInstanceRegistry.java:1250] - Running the evict task with compensationTime 0ms
2020-12-15 09:33:36,143 INFO [Eureka-EvictionTimer][AbstractInstanceRegistry.java:1250] - Running the evict task with compensationTime 0ms
2020-12-15 09:33:46,143 INFO [Eureka-EvictionTimer][AbstractInstanceRegistry.java:1250] - Running the evict task with compensationTime 0ms
2020-12-15 09:33:56,144 INFO [Eureka-EvictionTimer][AbstractInstanceRegistry.java:1250] - Running the evict task with compensationTime 1ms
2020-12-15 09:34:06,159 INFO [Eureka-EvictionTimer][AbstractInstanceRegistry.java:1250] - Running the evict task with compensationTime 14ms
2020-12-15 09:34:16,169 INFO [Eureka-EvictionTimer][AbstractInstanceRegistry.java:1250] - Running the evict task with compensationTime 10ms
2020-12-15 09:34:26,170 INFO [Eureka-EvictionTimer][AbstractInstanceRegistry.java:1250] - Running the evict task with compensationTime 0ms
2020-12-15 09:34:36,179 INFO [Eureka-EvictionTimer][AbstractInstanceRegistry.java:1250] - Running the evict task with compensationTime 9ms
2020-12-15 09:34:46,180 INFO [Eureka-EvictionTimer][AbstractInstanceRegistry.java:1250] - Running the evict task with compensationTime 0ms
2020-12-15 09:34:56,181 INFO [Eureka-EvictionTimer][AbstractInstanceRegistry.java:1250] - Running the evict task with compensationTime 0ms
2020-12-15 09:35:06,181 INFO [Eureka-EvictionTimer][AbstractInstanceRegistry.java:1250] - Running the evict task with compensationTime 0ms
2020-12-15 09:35:16,181 INFO [Eureka-EvictionTimer][AbstractInstanceRegistry.java:1250] - Running the evict task with compensationTime 0ms
2020-12-15 09:35:26,182 INFO [Eureka-EvictionTimer][AbstractInstanceRegistry.java:1250] - Running the evict task with compensationTime 0ms
2020-12-15 09:35:36,182 INFO [Eureka-EvictionTimer][AbstractInstanceRegistry.java:1250] - Running the evict task with compensationTime 0ms
2020-12-15 09:35:46,182 INFO [Eureka-EvictionTimer][AbstractInstanceRegistry.java:1250] - Running the evict task with compensationTime 0ms
2020-12-15 09:35:56,182 INFO [Eureka-EvictionTimer][AbstractInstanceRegistry.java:1250] - Running the evict task with compensationTime 0ms
2020-12-15 09:36:06,183 INFO [Eureka-EvictionTimer][AbstractInstanceRegistry.java:1250] - Running the evict task with compensationTime 1ms
2020-12-15 09:36:16,183 INFO [Eureka-EvictionTimer][AbstractInstanceRegistry.java:1250] - Running the evict task with compensationTime 0ms
2020-12-15 09:36:26,184 INFO [Eureka-EvictionTimer][AbstractInstanceRegistry.java:1250] - Running the evict task with compensationTime 0ms
2020-12-15 09:36:36,185 INFO [Eureka-EvictionTimer][AbstractInstanceRegistry.java:1250] - Running the evict task with compensationTime 0ms
2020-12-15 09:36:46,186 INFO [Eureka-EvictionTimer][AbstractInstanceRegistry.java:1250] - Running the evict task with compensationTime 0ms
2020-12-15 09:36:56,187 INFO [Eureka-EvictionTimer][AbstractInstanceRegistry.java:1250] - Running the evict task with compensationTime 1ms
2020-12-15 09:37:06,187 INFO [Eureka-EvictionTimer][AbstractInstanceRegistry.java:1250] - Running the evict task with compensationTime 0ms
2020-12-15 09:37:16,188 INFO [Eureka-EvictionTimer][AbstractInstanceRegistry.java:1250] - Running the evict task with compensationTime 0ms
2020-12-15 09:37:26,188 INFO [Eureka-EvictionTimer][AbstractInstanceRegistry.java:1250] - Running the evict task with compensationTime 0ms
2020-12-15 09:37:36,189 INFO [Eureka-EvictionTimer][AbstractInstanceRegistry.java:1250] - Running the evict task with compensationTime 0ms
2020-12-15 09:37:46,189 INFO [Eureka-EvictionTimer][AbstractInstanceRegistry.java:1250] - Running the evict task with compensationTime 0ms
2020-12-15 09:37:56,189 INFO [Eureka-EvictionTimer][AbstractInstanceRegistry.java:1250] - Running the evict task with compensationTime 0ms
2020-12-15 09:38:06,189 INFO [Eureka-EvictionTimer][AbstractInstanceRegistry.java:1250] - Running the evict task with compensationTime 0ms
2020-12-15 09:38:16,189 INFO [Eureka-EvictionTimer][AbstractInstanceRegistry.java:1250] - Running the evict task with compensationTime 0ms
2020-12-15 09:38:26,189 INFO [Eureka-EvictionTimer][AbstractInstanceRegistry.java:1250] - Running the evict task with compensationTime 0ms
2020-12-15 09:38:36,190 INFO [Eureka-EvictionTimer][AbstractInstanceRegistry.java:1250] - Running the evict task with compensationTime 0ms
2020-12-15 09:38:46,191 INFO [Eureka-EvictionTimer][AbstractInstanceRegistry.java:1250] - Running the evict task with compensationTime 0ms
2020-12-15 09:38:56,192 INFO [Eureka-EvictionTimer][AbstractInstanceRegistry.java:1250] - Running the evict task with compensationTime 1ms
2020-12-15 09:39:06,193 INFO [Eureka-EvictionTimer][AbstractInstanceRegistry.java:1250] - Running the evict task with compensationTime 0ms
2020-12-15 09:39:16,193 INFO [Eureka-EvictionTimer][AbstractInstanceRegistry.java:1250] - Running the evict task with compensationTime 0ms
2020-12-15 09:39:26,194 INFO [Eureka-EvictionTimer][AbstractInstanceRegistry.java:1250] - Running the evict task with compensationTime 0ms
2020-12-15 09:39:36,195 INFO [Eureka-EvictionTimer][AbstractInstanceRegistry.java:1250] - Running the evict task with compensationTime 1ms
2020-12-15 09:39:46,196 INFO [Eureka-EvictionTimer][AbstractInstanceRegistry.java:1250] - Running the evict task with compensationTime 0ms
2020-12-15 09:39:56,196 INFO [Eureka-EvictionTimer][AbstractInstanceRegistry.java:1250] - Running the evict task with compensationTime 0ms
2020-12-15 09:40:06,196 INFO [Eureka-EvictionTimer][AbstractInstanceRegistry.java:1250] - Running the evict task with compensationTime 0ms
2020-12-15 09:40:16,197 INFO [Eureka-EvictionTimer][AbstractInstanceRegistry.java:1250] - Running the evict task with compensationTime 0ms
2020-12-15 09:40:26,198 INFO [Eureka-EvictionTimer][AbstractInstanceRegistry.java:1250] - Running the evict task with compensationTime 0ms
2020-12-15 09:40:36,199 INFO [Eureka-EvictionTimer][AbstractInstanceRegistry.java:1250] - Running the evict task with compensationTime 0ms
2020-12-15 09:40:46,199 INFO [Eureka-EvictionTimer][AbstractInstanceRegistry.java:1250] - Running the evict task with compensationTime 0ms
2020-12-15 09:40:56,200 INFO [Eureka-EvictionTimer][AbstractInstanceRegistry.java:1250] - Running the evict task with compensationTime 1ms
2020-12-15 09:41:06,200 INFO [Eureka-EvictionTimer][AbstractInstanceRegistry.java:1250] - Running the evict task with compensationTime 0ms
2020-12-15 09:41:16,201 INFO [Eureka-EvictionTimer][AbstractInstanceRegistry.java:1250] - Running the evict task with compensationTime 0ms
2020-12-15 09:41:26,202 INFO [Eureka-EvictionTimer][AbstractInstanceRegistry.java:1250] - Running the evict task with compensationTime 0ms
2020-12-15 09:41:36,202 INFO [Eureka-EvictionTimer][AbstractInstanceRegistry.java:1250] - Running the evict task with compensationTime 0ms
2020-12-15 09:41:46,203 INFO [Eureka-EvictionTimer][AbstractInstanceRegistry.java:1250] - Running the evict task with compensationTime 0ms
2020-12-15 09:41:56,203 INFO [Eureka-EvictionTimer][AbstractInstanceRegistry.java:1250] - Running the evict task with compensationTime 0ms
2020-12-15 09:42:06,204 INFO [Eureka-EvictionTimer][AbstractInstanceRegistry.java:1250] - Running the evict task with compensationTime 0ms
2020-12-15 09:42:16,205 INFO [Eureka-EvictionTimer][AbstractInstanceRegistry.java:1250] - Running the evict task with compensationTime 0ms
2020-12-15 09:42:26,205 INFO [Eureka-EvictionTimer][AbstractInstanceRegistry.java:1250] - Running the evict task with compensationTime 0ms
2020-12-15 09:42:36,206 INFO [Eureka-EvictionTimer][AbstractInstanceRegistry.java:1250] - Running the evict task with compensationTime 0ms
2020-12-15 09:42:46,207 INFO [Eureka-EvictionTimer][AbstractInstanceRegistry.java:1250] - Running the evict task with compensationTime 0ms
2020-12-15 09:42:56,207 INFO [Eureka-EvictionTimer][AbstractInstanceRegistry.java:1250] - Running the evict task with compensationTime 0ms
2020-12-15 09:43:06,207 INFO [Eureka-EvictionTimer][AbstractInstanceRegistry.java:1250] - Running the evict task with compensationTime 0ms
2020-12-15 09:43:16,207 INFO [Eureka-EvictionTimer][AbstractInstanceRegistry.java:1250] - Running the evict task with compensationTime 0ms
2020-12-15 09:43:26,208 INFO [Eureka-EvictionTimer][AbstractInstanceRegistry.java:1250] - Running the evict task with compensationTime 0ms
2020-12-15 09:43:36,209 INFO [Eureka-EvictionTimer][AbstractInstanceRegistry.java:1250] - Running the evict task with compensationTime 0ms
2020-12-15 09:43:46,209 INFO [Eureka-EvictionTimer][AbstractInstanceRegistry.java:1250] - Running the evict task with compensationTime 0ms
2020-12-15 09:43:56,210 INFO [Eureka-EvictionTimer][AbstractInstanceRegistry.java:1250] - Running the evict task with compensationTime 0ms
2020-12-15 09:44:06,210 INFO [Eureka-EvictionTimer][AbstractInstanceRegistry.java:1250] - Running the evict task with compensationTime 0ms
2020-12-15 09:44:16,210 INFO [Eureka-EvictionTimer][AbstractInstanceRegistry.java:1250] - Running the evict task with compensationTime 0ms
2020-12-15 09:44:26,211 INFO [Eureka-EvictionTimer][AbstractInstanceRegistry.java:1250] - Running the evict task with compensationTime 0ms
2020-12-15 09:44:36,211 INFO [Eureka-EvictionTimer][AbstractInstanceRegistry.java:1250] - Running the evict task with compensationTime 0ms
2020-12-15 09:44:46,212 INFO [Eureka-EvictionTimer][AbstractInstanceRegistry.java:1250] - Running the evict task with compensationTime 0ms
2020-12-15 09:44:56,212 INFO [Eureka-EvictionTimer][AbstractInstanceRegistry.java:1250] - Running the evict task with compensationTime 0ms
2020-12-15 09:45:06,213 INFO [Eureka-EvictionTimer][AbstractInstanceRegistry.java:1250] - Running the evict task with compensationTime 1ms
2020-12-15 09:45:16,214 INFO [Eureka-EvictionTimer][AbstractInstanceRegistry.java:1250] - Running the evict task with compensationTime 1ms
2020-12-15 09:45:26,215 INFO [Eureka-EvictionTimer][AbstractInstanceRegistry.java:1250] - Running the evict task with compensationTime 0ms
2020-12-15 09:45:36,215 INFO [Eureka-EvictionTimer][AbstractInstanceRegistry.java:1250] - Running the evict task with compensationTime 0ms
2020-12-15 09:45:46,216 INFO [Eureka-EvictionTimer][AbstractInstanceRegistry.java:1250] - Running the evict task with compensationTime 1ms
2020-12-15 09:45:56,217 INFO [Eureka-EvictionTimer][AbstractInstanceRegistry.java:1250] - Running the evict task with compensationTime 0ms
2020-12-15 09:46:06,217 INFO [Eureka-EvictionTimer][AbstractInstanceRegistry.java:1250] - Running the evict task with compensationTime 0ms
2020-12-15 09:46:15,874 INFO [ReplicaAwareInstanceRegistry - RenewalThresholdUpdater][PeerAwareInstanceRegistryImpl.java:539] - Current renewal threshold is : 0
2020-12-15 09:46:16,218 INFO [Eureka-EvictionTimer][AbstractInstanceRegistry.java:1250] - Running the evict task with compensationTime 0ms
2020-12-15 09:46:26,218 INFO [Eureka-EvictionTimer][AbstractInstanceRegistry.java:1250] - Running the evict task with compensationTime 0ms
2020-12-15 09:46:36,218 INFO [Eureka-EvictionTimer][AbstractInstanceRegistry.java:1250] - Running the evict task with compensationTime 0ms
2020-12-15 09:46:46,219 INFO [Eureka-EvictionTimer][AbstractInstanceRegistry.java:1250] - Running the evict task with compensationTime 0ms
2020-12-15 09:46:56,220 INFO [Eureka-EvictionTimer][AbstractInstanceRegistry.java:1250] - Running the evict task with compensationTime 0ms
2020-12-15 09:47:06,220 INFO [Eureka-EvictionTimer][AbstractInstanceRegistry.java:1250] - Running the evict task with compensationTime 0ms
2020-12-15 09:47:16,221 INFO [Eureka-EvictionTimer][AbstractInstanceRegistry.java:1250] - Running the evict task with compensationTime 0ms
2020-12-15 09:47:26,221 INFO [Eureka-EvictionTimer][AbstractInstanceRegistry.java:1250] - Running the evict task with compensationTime 0ms
2020-12-15 09:47:36,222 INFO [Eureka-EvictionTimer][AbstractInstanceRegistry.java:1250] - Running the evict task with compensationTime 1ms
2020-12-15 09:47:46,223 INFO [Eureka-EvictionTimer][AbstractInstanceRegistry.java:1250] - Running the evict task with compensationTime 0ms
2020-12-15 09:47:56,223 INFO [Eureka-EvictionTimer][AbstractInstanceRegistry.java:1250] - Running the evict task with compensationTime 0ms
2020-12-15 09:48:06,224 INFO [Eureka-EvictionTimer][AbstractInstanceRegistry.java:1250] - Running the evict task with compensationTime 0ms
2020-12-15 09:48:16,225 INFO [Eureka-EvictionTimer][AbstractInstanceRegistry.java:1250] - Running the evict task with compensationTime 0ms
2020-12-15 09:48:26,225 INFO [Eureka-EvictionTimer][AbstractInstanceRegistry.java:1250] - Running the evict task with compensationTime 0ms
2020-12-15 09:48:36,225 INFO [Eureka-EvictionTimer][AbstractInstanceRegistry.java:1250] - Running the evict task with compensationTime 0ms
2020-12-15 09:48:46,226 INFO [Eureka-EvictionTimer][AbstractInstanceRegistry.java:1250] - Running the evict task with compensationTime 0ms
2020-12-15 09:48:56,226 INFO [Eureka-EvictionTimer][AbstractInstanceRegistry.java:1250] - Running the evict task with compensationTime 0ms
2020-12-15 09:49:06,227 INFO [Eureka-EvictionTimer][AbstractInstanceRegistry.java:1250] - Running the evict task with compensationTime 0ms
2020-12-15 09:49:16,227 INFO [Eureka-EvictionTimer][AbstractInstanceRegistry.java:1250] - Running the evict task with compensationTime 0ms
2020-12-15 09:49:26,227 INFO [Eureka-EvictionTimer][AbstractInstanceRegistry.java:1250] - Running the evict task with compensationTime 0ms
2020-12-15 09:49:36,228 INFO [Eureka-EvictionTimer][AbstractInstanceRegistry.java:1250] - Running the evict task with compensationTime 0ms
2020-12-15 09:49:46,228 INFO [Eureka-EvictionTimer][AbstractInstanceRegistry.java:1250] - Running the evict task with compensationTime 0ms
2020-12-15 09:49:56,228 INFO [Eureka-EvictionTimer][AbstractInstanceRegistry.java:1250] - Running the evict task with compensationTime 0ms
2020-12-15 09:50:06,228 INFO [Eureka-EvictionTimer][AbstractInstanceRegistry.java:1250] - Running the evict task with compensationTime 0ms
2020-12-15 09:50:16,228 INFO [Eureka-EvictionTimer][AbstractInstanceRegistry.java:1250] - Running the evict task with compensationTime 0ms
2020-12-15 09:50:26,229 INFO [Eureka-EvictionTimer][AbstractInstanceRegistry.java:1250] - Running the evict task with compensationTime 0ms
2020-12-15 09:50:36,230 INFO [Eureka-EvictionTimer][AbstractInstanceRegistry.java:1250] - Running the evict task with compensationTime 0ms
2020-12-15 09:50:46,231 INFO [Eureka-EvictionTimer][AbstractInstanceRegistry.java:1250] - Running the evict task with compensationTime 0ms
2020-12-15 09:50:56,231 INFO [Eureka-EvictionTimer][AbstractInstanceRegistry.java:1250] - Running the evict task with compensationTime 0ms
2020-12-15 09:51:06,232 INFO [Eureka-EvictionTimer][AbstractInstanceRegistry.java:1250] - Running the evict task with compensationTime 0ms
2020-12-15 09:51:09,644 INFO [http-nio-56080-exec-9][AbstractInstanceRegistry.java:266] - Registered instance TCC-DEMO-BANK1/tcc-demo-bank1:192.168.56.1:56081 with status DOWN (replication=false)
2020-12-15 09:51:10,149 INFO [http-nio-56080-exec-2][AbstractInstanceRegistry.java:266] - Registered instance TCC-DEMO-BANK1/tcc-demo-bank1:192.168.56.1:56081 with status DOWN (replication=true)
2020-12-15 09:51:12,679 INFO [http-nio-56080-exec-10][AbstractInstanceRegistry.java:330] - Cancelled instance TCC-DEMO-BANK1/tcc-demo-bank1:192.168.56.1:56081 (replication=false)
2020-12-15 09:51:12,918 INFO [http-nio-56080-exec-4][AbstractInstanceRegistry.java:266] - Registered instance TCC-DEMO-BANK2/tcc-demo-bank2:192.168.56.1:56082 with status DOWN (replication=false)
2020-12-15 09:51:13,215 WARN [http-nio-56080-exec-5][AbstractInstanceRegistry.java:315] - DS: Registry: cancel failed because Lease is not registered for: TCC-DEMO-BANK1/tcc-demo-bank1:192.168.56.1:56081
2020-12-15 09:51:13,215 INFO [http-nio-56080-exec-5][InstanceResource.java:288] - Not Found (Cancel): TCC-DEMO-BANK1 - tcc-demo-bank1:192.168.56.1:56081
2020-12-15 09:51:13,216 INFO [http-nio-56080-exec-5][AbstractInstanceRegistry.java:266] - Registered instance TCC-DEMO-BANK2/tcc-demo-bank2:192.168.56.1:56082 with status DOWN (replication=true)
2020-12-15 09:51:13,217 WARN [TaskBatchingWorker-target_localhost-2][ReplicationTask.java:35] - The replication of task TCC-DEMO-BANK1/tcc-demo-bank1:192.168.56.1:56081:Cancel@localhost failed with response code 404
2020-12-15 09:51:13,217 WARN [TaskBatchingWorker-target_localhost-2][PeerEurekaNode.java:171] - TCC-DEMO-BANK1/tcc-demo-bank1:192.168.56.1:56081:Cancel@localhost: missing entry.
2020-12-15 09:51:15,946 INFO [http-nio-56080-exec-8][AbstractInstanceRegistry.java:330] - Cancelled instance TCC-DEMO-BANK2/tcc-demo-bank2:192.168.56.1:56082 (replication=false)
2020-12-15 09:51:16,232 INFO [Eureka-EvictionTimer][AbstractInstanceRegistry.java:1250] - Running the evict task with compensationTime 0ms
2020-12-15 09:51:16,450 WARN [http-nio-56080-exec-10][AbstractInstanceRegistry.java:315] - DS: Registry: cancel failed because Lease is not registered for: TCC-DEMO-BANK2/tcc-demo-bank2:192.168.56.1:56082
2020-12-15 09:51:16,450 INFO [http-nio-56080-exec-10][InstanceResource.java:288] - Not Found (Cancel): TCC-DEMO-BANK2 - tcc-demo-bank2:192.168.56.1:56082
2020-12-15 09:51:16,451 WARN [TaskBatchingWorker-target_localhost-4][ReplicationTask.java:35] - The replication of task TCC-DEMO-BANK2/tcc-demo-bank2:192.168.56.1:56082:Cancel@localhost failed with response code 404
2020-12-15 09:51:16,451 WARN [TaskBatchingWorker-target_localhost-4][PeerEurekaNode.java:171] - TCC-DEMO-BANK2/tcc-demo-bank2:192.168.56.1:56082:Cancel@localhost: missing entry.
2020-12-15 09:51:26,232 INFO [Eureka-EvictionTimer][AbstractInstanceRegistry.java:1250] - Running the evict task with compensationTime 0ms
2020-12-15 09:51:36,233 INFO [Eureka-EvictionTimer][AbstractInstanceRegistry.java:1250] - Running the evict task with compensationTime 0ms
2020-12-15 09:51:43,511 INFO [http-nio-56080-exec-4][AbstractInstanceRegistry.java:266] - Registered instance TCC-DEMO-BANK1/tcc-demo-bank1:192.168.56.1:56081 with status UP (replication=false)
2020-12-15 09:51:44,057 INFO [http-nio-56080-exec-5][AbstractInstanceRegistry.java:266] - Registered instance TCC-DEMO-BANK1/tcc-demo-bank1:192.168.56.1:56081 with status UP (replication=true)
2020-12-15 09:51:46,233 INFO [Eureka-EvictionTimer][AbstractInstanceRegistry.java:1250] - Running the evict task with compensationTime 0ms
2020-12-15 09:51:49,123 INFO [http-nio-56080-exec-2][AbstractInstanceRegistry.java:266] - Registered instance TCC-DEMO-BANK2/tcc-demo-bank2:192.168.56.1:56082 with status UP (replication=false)
2020-12-15 09:51:49,628 INFO [http-nio-56080-exec-1][AbstractInstanceRegistry.java:266] - Registered instance TCC-DEMO-BANK2/tcc-demo-bank2:192.168.56.1:56082 with status UP (replication=true)
2020-12-15 09:51:56,233 INFO [Eureka-EvictionTimer][AbstractInstanceRegistry.java:1250] - Running the evict task with compensationTime 0ms
2020-12-15 09:52:06,233 INFO [Eureka-EvictionTimer][AbstractInstanceRegistry.java:1250] - Running the evict task with compensationTime 0ms
2020-12-15 09:52:16,233 INFO [Eureka-EvictionTimer][AbstractInstanceRegistry.java:1250] - Running the evict task with compensationTime 0ms
2020-12-15 09:52:26,234 INFO [Eureka-EvictionTimer][AbstractInstanceRegistry.java:1250] - Running the evict task with compensationTime 0ms
2020-12-15 09:52:36,234 INFO [Eureka-EvictionTimer][AbstractInstanceRegistry.java:1250] - Running the evict task with compensationTime 0ms
2020-12-15 09:52:46,235 INFO [Eureka-EvictionTimer][AbstractInstanceRegistry.java:1250] - Running the evict task with compensationTime 0ms
2020-12-15 09:52:56,235 INFO [Eureka-EvictionTimer][AbstractInstanceRegistry.java:1250] - Running the evict task with compensationTime 0ms
2020-12-15 09:53:06,235 INFO [Eureka-EvictionTimer][AbstractInstanceRegistry.java:1250] - Running the evict task with compensationTime 0ms
2020-12-15 09:53:16,235 INFO [Eureka-EvictionTimer][AbstractInstanceRegistry.java:1250] - Running the evict task with compensationTime 0ms
2020-12-15 09:53:26,236 INFO [Eureka-EvictionTimer][AbstractInstanceRegistry.java:1250] - Running the evict task with compensationTime 0ms
2020-12-15 09:53:36,237 INFO [Eureka-EvictionTimer][AbstractInstanceRegistry.java:1250] - Running the evict task with compensationTime 1ms
2020-12-15 09:53:46,237 INFO [Eureka-EvictionTimer][AbstractInstanceRegistry.java:1250] - Running the evict task with compensationTime 0ms
2020-12-15 09:53:56,237 INFO [Eureka-EvictionTimer][AbstractInstanceRegistry.java:1250] - Running the evict task with compensationTime 0ms
2020-12-15 09:54:06,237 INFO [Eureka-EvictionTimer][AbstractInstanceRegistry.java:1250] - Running the evict task with compensationTime 0ms
2020-12-15 09:54:16,237 INFO [Eureka-EvictionTimer][AbstractInstanceRegistry.java:1250] - Running the evict task with compensationTime 0ms
2020-12-15 09:54:26,237 INFO [Eureka-EvictionTimer][AbstractInstanceRegistry.java:1250] - Running the evict task with compensationTime 0ms
2020-12-15 09:54:36,238 INFO [Eureka-EvictionTimer][AbstractInstanceRegistry.java:1250] - Running the evict task with compensationTime 0ms
2020-12-15 09:54:46,238 INFO [Eureka-EvictionTimer][AbstractInstanceRegistry.java:1250] - Running the evict task with compensationTime 0ms
2020-12-15 09:54:56,239 INFO [Eureka-EvictionTimer][AbstractInstanceRegistry.java:1250] - Running the evict task with compensationTime 0ms
2020-12-15 09:55:06,239 INFO [Eureka-EvictionTimer][AbstractInstanceRegistry.java:1250] - Running the evict task with compensationTime 0ms
2020-12-15 09:55:16,240 INFO [Eureka-EvictionTimer][AbstractInstanceRegistry.java:1250] - Running the evict task with compensationTime 0ms
2020-12-15 09:55:26,241 INFO [Eureka-EvictionTimer][AbstractInstanceRegistry.java:1250] - Running the evict task with compensationTime 0ms
2020-12-15 09:55:36,241 INFO [Eureka-EvictionTimer][AbstractInstanceRegistry.java:1250] - Running the evict task with compensationTime 0ms
2020-12-15 09:55:46,242 INFO [Eureka-EvictionTimer][AbstractInstanceRegistry.java:1250] - Running the evict task with compensationTime 0ms
2020-12-15 09:55:56,243 INFO [Eureka-EvictionTimer][AbstractInstanceRegistry.java:1250] - Running the evict task with compensationTime 0ms
2020-12-15 09:56:06,243 INFO [Eureka-EvictionTimer][AbstractInstanceRegistry.java:1250] - Running the evict task with compensationTime 0ms
2020-12-15 09:56:16,244 INFO [Eureka-EvictionTimer][AbstractInstanceRegistry.java:1250] - Running the evict task with compensationTime 0ms
2020-12-15 09:56:26,244 INFO [Eureka-EvictionTimer][AbstractInstanceRegistry.java:1250] - Running the evict task with compensationTime 0ms
2020-12-15 09:56:36,245 INFO [Eureka-EvictionTimer][AbstractInstanceRegistry.java:1250] - Running the evict task with compensationTime 1ms
2020-12-15 09:56:46,245 INFO [Eureka-EvictionTimer][AbstractInstanceRegistry.java:1250] - Running the evict task with compensationTime 0ms
2020-12-15 09:56:56,246 INFO [Eureka-EvictionTimer][AbstractInstanceRegistry.java:1250] - Running the evict task with compensationTime 0ms
2020-12-15 09:57:06,246 INFO [Eureka-EvictionTimer][AbstractInstanceRegistry.java:1250] - Running the evict task with compensationTime 0ms
2020-12-15 09:57:16,247 INFO [Eureka-EvictionTimer][AbstractInstanceRegistry.java:1250] - Running the evict task with compensationTime 0ms
2020-12-15 09:57:26,247 INFO [Eureka-EvictionTimer][AbstractInstanceRegistry.java:1250] - Running the evict task with compensationTime 0ms
2020-12-15 09:57:36,247 INFO [Eureka-EvictionTimer][AbstractInstanceRegistry.java:1250] - Running the evict task with compensationTime 0ms
2020-12-15 09:57:46,248 INFO [Eureka-EvictionTimer][AbstractInstanceRegistry.java:1250] - Running the evict task with compensationTime 0ms
2020-12-15 09:57:56,249 INFO [Eureka-EvictionTimer][AbstractInstanceRegistry.java:1250] - Running the evict task with compensationTime 0ms
2020-12-15 09:58:06,249 INFO [Eureka-EvictionTimer][AbstractInstanceRegistry.java:1250] - Running the evict task with compensationTime 0ms
2020-12-15 09:58:16,250 INFO [Eureka-EvictionTimer][AbstractInstanceRegistry.java:1250] - Running the evict task with compensationTime 0ms
2020-12-15 09:58:26,250 INFO [Eureka-EvictionTimer][AbstractInstanceRegistry.java:1250] - Running the evict task with compensationTime 0ms
2020-12-15 09:58:36,251 INFO [Eureka-EvictionTimer][AbstractInstanceRegistry.java:1250] - Running the evict task with compensationTime 0ms
2020-12-15 09:58:46,252 INFO [Eureka-EvictionTimer][AbstractInstanceRegistry.java:1250] - Running the evict task with compensationTime 0ms
2020-12-15 09:58:56,253 INFO [Eureka-EvictionTimer][AbstractInstanceRegistry.java:1250] - Running the evict task with compensationTime 0ms
2020-12-15 09:59:06,254 INFO [Eureka-EvictionTimer][AbstractInstanceRegistry.java:1250] - Running the evict task with compensationTime 0ms
2020-12-15 09:59:16,254 INFO [Eureka-EvictionTimer][AbstractInstanceRegistry.java:1250] - Running the evict task with compensationTime 0ms
2020-12-15 09:59:26,254 INFO [Eureka-EvictionTimer][AbstractInstanceRegistry.java:1250] - Running the evict task with compensationTime 0ms
2020-12-15 09:59:36,255 INFO [Eureka-EvictionTimer][AbstractInstanceRegistry.java:1250] - Running the evict task with compensationTime 0ms
2020-12-15 09:59:46,256 INFO [Eureka-EvictionTimer][AbstractInstanceRegistry.java:1250] - Running the evict task with compensationTime 0ms
2020-12-15 09:59:56,256 INFO [Eureka-EvictionTimer][AbstractInstanceRegistry.java:1250] - Running the evict task with compensationTime 0ms
